[2025-02-18 18:44:11,486]: INFO: main  this is custom logging
[2025-02-18 19:21:35,125]: INFO: main:  hello everyone
[2025-02-18 20:35:12,263]: INFO: main:  zero division error
[2025-02-18 20:39:38,210]: INFO: main:  zero division error1
[2025-02-18 20:42:05,897]: INFO: __init__:  Zero division error

[2025-02-19 10:45:04,778]: INFO: common:  yaml file config\config.yaml has loaded succesfully
[2025-02-19 10:45:04,783]: INFO: common:  yaml file params.yaml has loaded succesfully
[2025-02-19 10:45:04,785]: INFO: common:  yaml file schema.yaml has loaded succesfully
[2025-02-19 10:45:04,785]: INFO: common:  path has been created in artifacts
[2025-02-19 10:45:04,790]: INFO: common:  path has been created in artifacts/data_ingestion
[2025-02-19 10:47:58,404]: INFO: common:  yaml file config\config.yaml has loaded succesfully
[2025-02-19 10:47:58,407]: INFO: common:  yaml file params.yaml has loaded succesfully
[2025-02-19 10:47:58,408]: INFO: common:  yaml file schema.yaml has loaded succesfully
[2025-02-19 10:47:58,412]: INFO: common:  path has been created in artifacts
[2025-02-19 10:47:58,416]: INFO: common:  path has been created in artifacts/data_ingestion
[2025-02-19 10:48:00,115]: INFO: 3524693216:  artifacts/data_ingestion/data.zip has beeen created 
Connection: close
Content-Length: 25115
Cache-Control: max-age=300
Content-Security-Policy: default-src 'none'; style-src 'unsafe-inline'; sandbox
Content-Type: application/zip
ETag: "8bdd43e99a0542a72428bf6002b29f7e97c618e9585f42d63c7c1a31e6c3f7ae"
Strict-Transport-Security: max-age=31536000
X-Content-Type-Options: nosniff
X-Frame-Options: deny
X-XSS-Protection: 1; mode=block
X-GitHub-Request-Id: C036:5C61F:2C7595:3D2BBE:67B56987
Accept-Ranges: bytes
Date: Wed, 19 Feb 2025 05:17:59 GMT
Via: 1.1 varnish
X-Served-By: cache-maa10228-MAA
X-Cache: MISS
X-Cache-Hits: 0
X-Timer: S1739942280.695140,VS0,VE279
Vary: Authorization,Accept-Encoding,Origin
Access-Control-Allow-Origin: *
Cross-Origin-Resource-Policy: cross-origin
X-Fastly-Request-ID: 5d48878b15a48d470bed1fd65cedf6dc805abf64
Expires: Wed, 19 Feb 2025 05:22:59 GMT
Source-Age: 0


[2025-02-19 12:49:43,229]: INFO: main:  >>>> stage Data Ingestion Config started
[2025-02-19 12:49:43,231]: INFO: common:  yaml file config\config.yaml has loaded succesfully
[2025-02-19 12:49:43,231]: INFO: common:  yaml file params.yaml has loaded succesfully
[2025-02-19 12:49:43,231]: INFO: common:  yaml file schema.yaml has loaded succesfully
[2025-02-19 12:49:43,231]: INFO: common:  path has been created in artifacts
[2025-02-19 12:49:43,231]: INFO: common:  path has been created in artifacts/data_ingestion
[2025-02-19 12:49:43,231]: ERROR: main:  name 'data' is not defined
Traceback (most recent call last):
  File "D:\Project\redwine_end-to-end\main.py", line 8, in <module>
    data_ingestion.main()
  File "D:\Project\redwine_end-to-end\src\pipeline\stage_01_data_ingestion.py", line 17, in main
    data_ingestion_config = confi.get_data_ingestion_config()
                            ^^^^^^^^^^^^^^^^^^^^^^^^^^^^^^^^^
  File "D:\Project\redwine_end-to-end\src\config\configuration.py", line 28, in get_data_ingestion_config
    return data
           ^^^^
NameError: name 'data' is not defined
[2025-02-19 12:51:14,867]: INFO: main:  >>>> stage Data Ingestion Config started
[2025-02-19 12:51:14,869]: INFO: common:  yaml file config\config.yaml has loaded succesfully
[2025-02-19 12:51:14,869]: INFO: common:  yaml file params.yaml has loaded succesfully
[2025-02-19 12:51:14,869]: INFO: common:  yaml file schema.yaml has loaded succesfully
[2025-02-19 12:51:14,869]: INFO: common:  path has been created in artifacts
[2025-02-19 12:51:14,869]: INFO: common:  path has been created in artifacts/data_ingestion
[2025-02-19 12:51:17,090]: INFO: data_ingestion:  artifacts/data_ingestion/data.zip has been created 
Connection: close
Content-Length: 25115
Cache-Control: max-age=300
Content-Security-Policy: default-src 'none'; style-src 'unsafe-inline'; sandbox
Content-Type: application/zip
ETag: "8bdd43e99a0542a72428bf6002b29f7e97c618e9585f42d63c7c1a31e6c3f7ae"
Strict-Transport-Security: max-age=31536000
X-Content-Type-Options: nosniff
X-Frame-Options: deny
X-XSS-Protection: 1; mode=block
X-GitHub-Request-Id: 3F51:5C61F:2F6439:40C4AD:67B5866C
Accept-Ranges: bytes
Date: Wed, 19 Feb 2025 07:21:16 GMT
Via: 1.1 varnish
X-Served-By: cache-maa10251-MAA
X-Cache: MISS
X-Cache-Hits: 0
X-Timer: S1739949676.292771,VS0,VE338
Vary: Authorization,Accept-Encoding,Origin
Access-Control-Allow-Origin: *
Cross-Origin-Resource-Policy: cross-origin
X-Fastly-Request-ID: 31c5b86d2b332729c57b5f07a4754651a1b39f1a
Expires: Wed, 19 Feb 2025 07:26:16 GMT
Source-Age: 0


[2025-02-19 12:51:17,110]: INFO: main:  >>>>>>>stage Data Ingestion Config completed  <<<<
